<?xml version="1.0" encoding="UTF-8"?>
<coverage generated="1699052102781" clover="3.2.0">
  <project timestamp="1699052102781" name="All files">
    <metrics statements="57" coveredstatements="41" conditionals="19" coveredconditionals="14" methods="33" coveredmethods="29" elements="109" coveredelements="84" complexity="0" loc="57" ncloc="57" packages="1" files="15" classes="15"/>
    <file name="App.js" path="/home/lrw/rithm/exercises/react-forms-design-productiv/productiv/src/App.js">
      <metrics statements="1" coveredstatements="1" conditionals="0" coveredconditionals="0" methods="1" coveredmethods="1"/>
      <line num="14" count="4" type="stmt"/>
    </file>
    <file name="EditableTodo.js" path="/home/lrw/rithm/exercises/react-forms-design-productiv/productiv/src/EditableTodo.js">
      <metrics statements="8" coveredstatements="8" conditionals="2" coveredconditionals="2" methods="5" coveredmethods="5"/>
      <line num="19" count="55" type="stmt"/>
      <line num="23" count="5" type="stmt"/>
      <line num="28" count="2" type="stmt"/>
      <line num="33" count="2" type="stmt"/>
      <line num="34" count="2" type="stmt"/>
      <line num="38" count="55" type="stmt"/>
      <line num="58" count="55" type="stmt"/>
      <line num="60" count="55" type="stmt"/>
    </file>
    <file name="EditableTodoList.js" path="/home/lrw/rithm/exercises/react-forms-design-productiv/productiv/src/EditableTodoList.js">
      <metrics statements="2" coveredstatements="2" conditionals="0" coveredconditionals="0" methods="2" coveredmethods="2"/>
      <line num="15" count="15" type="stmt"/>
      <line num="18" count="45" type="stmt"/>
    </file>
    <file name="Footer.js" path="/home/lrw/rithm/exercises/react-forms-design-productiv/productiv/src/Footer.js">
      <metrics statements="1" coveredstatements="1" conditionals="0" coveredconditionals="0" methods="1" coveredmethods="1"/>
      <line num="6" count="7" type="stmt"/>
    </file>
    <file name="Header.js" path="/home/lrw/rithm/exercises/react-forms-design-productiv/productiv/src/Header.js">
      <metrics statements="1" coveredstatements="1" conditionals="0" coveredconditionals="0" methods="1" coveredmethods="1"/>
      <line num="10" count="4" type="stmt"/>
    </file>
    <file name="Quote.js" path="/home/lrw/rithm/exercises/react-forms-design-productiv/productiv/src/Quote.js">
      <metrics statements="1" coveredstatements="0" conditionals="0" coveredconditionals="0" methods="1" coveredmethods="0"/>
      <line num="8" count="0" type="stmt"/>
    </file>
    <file name="RandomInspoQuote.js" path="/home/lrw/rithm/exercises/react-forms-design-productiv/productiv/src/RandomInspoQuote.js">
      <metrics statements="7" coveredstatements="5" conditionals="2" coveredconditionals="1" methods="3" coveredmethods="2"/>
      <line num="10" count="4" type="stmt"/>
      <line num="12" count="4" type="stmt"/>
      <line num="13" count="4" type="stmt"/>
      <line num="14" count="0" type="stmt"/>
      <line num="17" count="4" type="stmt"/>
      <line num="20" count="0" type="stmt"/>
      <line num="23" count="4" type="stmt"/>
    </file>
    <file name="Todo.js" path="/home/lrw/rithm/exercises/react-forms-design-productiv/productiv/src/Todo.js">
      <metrics statements="1" coveredstatements="1" conditionals="0" coveredconditionals="0" methods="1" coveredmethods="1"/>
      <line num="12" count="71" type="stmt"/>
    </file>
    <file name="TodoApp.js" path="/home/lrw/rithm/exercises/react-forms-design-productiv/productiv/src/TodoApp.js">
      <metrics statements="6" coveredstatements="6" conditionals="6" coveredconditionals="6" methods="9" coveredmethods="9"/>
      <line num="21" count="14" type="stmt"/>
      <line num="25" count="1" type="stmt"/>
      <line num="26" count="1" type="stmt"/>
      <line num="31" count="3" type="cond" truecount="2" falsecount="0"/>
      <line num="36" count="3" type="stmt"/>
      <line num="39" count="14" type="stmt"/>
    </file>
    <file name="TodoForm.js" path="/home/lrw/rithm/exercises/react-forms-design-productiv/productiv/src/TodoForm.js">
      <metrics statements="8" coveredstatements="8" conditionals="1" coveredconditionals="1" methods="4" coveredmethods="4"/>
      <line num="3" count="5" type="stmt"/>
      <line num="21" count="25" type="stmt"/>
      <line num="26" count="5" type="stmt"/>
      <line num="27" count="5" type="stmt"/>
      <line num="35" count="3" type="stmt"/>
      <line num="36" count="3" type="stmt"/>
      <line num="37" count="3" type="stmt"/>
      <line num="40" count="25" type="stmt"/>
    </file>
    <file name="TopTodo.js" path="/home/lrw/rithm/exercises/react-forms-design-productiv/productiv/src/TopTodo.js">
      <metrics statements="4" coveredstatements="4" conditionals="4" coveredconditionals="4" methods="2" coveredmethods="2"/>
      <line num="15" count="17" type="cond" truecount="2" falsecount="0"/>
      <line num="17" count="16" type="stmt"/>
      <line num="18" count="48" type="cond" truecount="2" falsecount="0"/>
      <line num="20" count="16" type="stmt"/>
    </file>
    <file name="_commonTest.js" path="/home/lrw/rithm/exercises/react-forms-design-productiv/productiv/src/_commonTest.js">
      <metrics statements="2" coveredstatements="2" conditionals="0" coveredconditionals="0" methods="0" coveredmethods="0"/>
      <line num="1" count="6" type="stmt"/>
      <line num="7" count="6" type="stmt"/>
    </file>
    <file name="index.js" path="/home/lrw/rithm/exercises/react-forms-design-productiv/productiv/src/index.js">
      <metrics statements="3" coveredstatements="0" conditionals="0" coveredconditionals="0" methods="0" coveredmethods="0"/>
      <line num="7" count="0" type="stmt"/>
      <line num="8" count="0" type="stmt"/>
      <line num="15" count="0" type="stmt"/>
    </file>
    <file name="inspoQuoteApi.js" path="/home/lrw/rithm/exercises/react-forms-design-productiv/productiv/src/inspoQuoteApi.js">
      <metrics statements="4" coveredstatements="2" conditionals="0" coveredconditionals="0" methods="1" coveredmethods="1"/>
      <line num="1" count="1" type="stmt"/>
      <line num="10" count="4" type="stmt"/>
      <line num="11" count="0" type="stmt"/>
      <line num="12" count="0" type="stmt"/>
    </file>
    <file name="reportWebVitals.js" path="/home/lrw/rithm/exercises/react-forms-design-productiv/productiv/src/reportWebVitals.js">
      <metrics statements="8" coveredstatements="0" conditionals="4" coveredconditionals="0" methods="2" coveredmethods="0"/>
      <line num="1" count="0" type="stmt"/>
      <line num="2" count="0" type="cond" truecount="0" falsecount="4"/>
      <line num="3" count="0" type="stmt"/>
      <line num="4" count="0" type="stmt"/>
      <line num="5" count="0" type="stmt"/>
      <line num="6" count="0" type="stmt"/>
      <line num="7" count="0" type="stmt"/>
      <line num="8" count="0" type="stmt"/>
    </file>
  </project>
</coverage>
