<?xml version="1.0" encoding="UTF-8"?>
<coverage generated="1699056037118" clover="3.2.0">
  <project timestamp="1699056037118" name="All files">
    <metrics statements="12" coveredstatements="10" conditionals="6" coveredconditionals="6" methods="5" coveredmethods="4" elements="23" coveredelements="20" complexity="0" loc="12" ncloc="12" packages="1" files="3" classes="3"/>
    <file name="RandomInspoQuote.js" path="/home/lrw/rithm/exercises/react-forms-design-productiv/productiv/src/RandomInspoQuote.js">
      <metrics statements="6" coveredstatements="4" conditionals="2" coveredconditionals="2" methods="3" coveredmethods="2"/>
      <line num="14" count="11" type="stmt"/>
      <line num="15" count="10" type="stmt"/>
      <line num="19" count="0" type="stmt"/>
      <line num="20" count="0" type="stmt"/>
      <line num="26" count="1" type="stmt"/>
      <line num="29" count="10" type="stmt"/>
    </file>
    <file name="TopTodo.js" path="/home/lrw/rithm/exercises/react-forms-design-productiv/productiv/src/TopTodo.js">
      <metrics statements="4" coveredstatements="4" conditionals="4" coveredconditionals="4" methods="2" coveredmethods="2"/>
      <line num="15" count="17" type="cond" truecount="2" falsecount="0"/>
      <line num="17" count="16" type="stmt"/>
      <line num="18" count="48" type="cond" truecount="2" falsecount="0"/>
      <line num="20" count="16" type="stmt"/>
    </file>
    <file name="_commonTest.js" path="/home/lrw/rithm/exercises/react-forms-design-productiv/productiv/src/_commonTest.js">
      <metrics statements="2" coveredstatements="2" conditionals="0" coveredconditionals="0" methods="0" coveredmethods="0"/>
      <line num="1" count="6" type="stmt"/>
      <line num="7" count="6" type="stmt"/>
    </file>
  </project>
</coverage>
