{"/home/lrw/rithm/exercises/react-forms-design-productiv/productiv/src/RandomInspoQuote.js": {"path":"/home/lrw/rithm/exercises/react-forms-design-productiv/productiv/src/RandomInspoQuote.js","statementMap":{"0":{"start":{"line":14,"column":32},"end":{"line":14,"column":47}},"1":{"start":{"line":15,"column":28},"end":{"line":15,"column":42}},"2":{"start":{"line":19,"column":18},"end":{"line":19,"column":39}},"3":{"start":{"line":20,"column":4},"end":{"line":20,"column":20}},"4":{"start":{"line":26,"column":4},"end":{"line":26,"column":21}},"5":{"start":{"line":29,"column":2},"end":{"line":42,"column":4}}},"fnMap":{"0":{"name":"RandomInspoQuote","decl":{"start":{"line":13,"column":9},"end":{"line":13,"column":25}},"loc":{"start":{"line":13,"column":28},"end":{"line":43,"column":1}},"line":13},"1":{"name":"newQuote","decl":{"start":{"line":18,"column":17},"end":{"line":18,"column":25}},"loc":{"start":{"line":18,"column":28},"end":{"line":22,"column":3}},"line":18},"2":{"name":"handleGetQuote","decl":{"start":{"line":25,"column":11},"end":{"line":25,"column":25}},"loc":{"start":{"line":25,"column":28},"end":{"line":27,"column":3}},"line":25}},"branchMap":{"0":{"loc":{"start":{"line":32,"column":8},"end":{"line":39,"column":90}},"type":"cond-expr","locations":[{"start":{"line":34,"column":10},"end":{"line":37,"column":13}},{"start":{"line":39,"column":10},"end":{"line":39,"column":90}}],"line":32}},"s":{"0":11,"1":10,"2":0,"3":0,"4":1,"5":10},"f":{"0":11,"1":0,"2":1},"b":{"0":[2,8]},"_coverageSchema":"1a1c01bbd47fc00a2c39e90264f33305004495a9","hash":"b164ac838104ad7c99f176fb8ced27268c86df82"}
,"/home/lrw/rithm/exercises/react-forms-design-productiv/productiv/src/TopTodo.js": {"path":"/home/lrw/rithm/exercises/react-forms-design-productiv/productiv/src/TopTodo.js","statementMap":{"0":{"start":{"line":15,"column":2},"end":{"line":15,"column":38}},"1":{"start":{"line":15,"column":26},"end":{"line":15,"column":38}},"2":{"start":{"line":17,"column":12},"end":{"line":18,"column":68}},"3":{"start":{"line":18,"column":18},"end":{"line":18,"column":57}},"4":{"start":{"line":20,"column":2},"end":{"line":20,"column":29}}},"fnMap":{"0":{"name":"TopTodo","decl":{"start":{"line":13,"column":9},"end":{"line":13,"column":16}},"loc":{"start":{"line":13,"column":28},"end":{"line":21,"column":1}},"line":13},"1":{"name":"(anonymous_1)","decl":{"start":{"line":18,"column":4},"end":{"line":18,"column":5}},"loc":{"start":{"line":18,"column":18},"end":{"line":18,"column":57}},"line":18}},"branchMap":{"0":{"loc":{"start":{"line":15,"column":2},"end":{"line":15,"column":38}},"type":"if","locations":[{"start":{"line":15,"column":2},"end":{"line":15,"column":38}},{"start":{},"end":{}}],"line":15},"1":{"loc":{"start":{"line":18,"column":18},"end":{"line":18,"column":57}},"type":"cond-expr","locations":[{"start":{"line":18,"column":48},"end":{"line":18,"column":51}},{"start":{"line":18,"column":54},"end":{"line":18,"column":57}}],"line":18}},"s":{"0":17,"1":1,"2":16,"3":48,"4":16},"f":{"0":17,"1":48},"b":{"0":[1,16],"1":[4,44]},"_coverageSchema":"1a1c01bbd47fc00a2c39e90264f33305004495a9","hash":"84203252a0eccc97356cf2aa54314d253bfee3a0"}
,"/home/lrw/rithm/exercises/react-forms-design-productiv/productiv/src/_commonTest.js": {"path":"/home/lrw/rithm/exercises/react-forms-design-productiv/productiv/src/_commonTest.js","statementMap":{"0":{"start":{"line":1,"column":18},"end":{"line":5,"column":15}},"1":{"start":{"line":7,"column":19},"end":{"line":25,"column":4}}},"fnMap":{},"branchMap":{},"s":{"0":6,"1":6},"f":{},"b":{},"_coverageSchema":"1a1c01bbd47fc00a2c39e90264f33305004495a9","hash":"f8754c00b26a0fd524f3d887bbd327bf7fcc1652"}
}
