{"/home/lrw/rithm/exercises/react-forms-design-productiv/productiv/src/App.js": {"path":"/home/lrw/rithm/exercises/react-forms-design-productiv/productiv/src/App.js","statementMap":{"0":{"start":{"line":14,"column":2},"end":{"line":43,"column":4}}},"fnMap":{"0":{"name":"App","decl":{"start":{"line":13,"column":9},"end":{"line":13,"column":12}},"loc":{"start":{"line":13,"column":15},"end":{"line":44,"column":1}},"line":13}},"branchMap":{},"s":{"0":4},"f":{"0":4},"b":{},"_coverageSchema":"1a1c01bbd47fc00a2c39e90264f33305004495a9","hash":"7e973d0b02ade05bc6cd50207de28ec8a10be873"}
,"/home/lrw/rithm/exercises/react-forms-design-productiv/productiv/src/EditableTodo.js": {"path":"/home/lrw/rithm/exercises/react-forms-design-productiv/productiv/src/EditableTodo.js","statementMap":{"0":{"start":{"line":19,"column":36},"end":{"line":19,"column":51}},"1":{"start":{"line":23,"column":4},"end":{"line":23,"column":42}},"2":{"start":{"line":23,"column":30},"end":{"line":23,"column":40}},"3":{"start":{"line":28,"column":4},"end":{"line":28,"column":20}},"4":{"start":{"line":33,"column":4},"end":{"line":33,"column":28}},"5":{"start":{"line":34,"column":4},"end":{"line":34,"column":17}},"6":{"start":{"line":38,"column":4},"end":{"line":56,"column":10}},"7":{"start":{"line":58,"column":26},"end":{"line":58,"column":85}},"8":{"start":{"line":60,"column":2},"end":{"line":64,"column":4}}},"fnMap":{"0":{"name":"EditableTodo","decl":{"start":{"line":18,"column":9},"end":{"line":18,"column":21}},"loc":{"start":{"line":18,"column":48},"end":{"line":65,"column":1}},"line":18},"1":{"name":"toggleEdit","decl":{"start":{"line":22,"column":11},"end":{"line":22,"column":21}},"loc":{"start":{"line":22,"column":24},"end":{"line":24,"column":3}},"line":22},"2":{"name":"(anonymous_2)","decl":{"start":{"line":23,"column":17},"end":{"line":23,"column":18}},"loc":{"start":{"line":23,"column":30},"end":{"line":23,"column":40}},"line":23},"3":{"name":"handleDelete","decl":{"start":{"line":27,"column":11},"end":{"line":27,"column":23}},"loc":{"start":{"line":27,"column":26},"end":{"line":29,"column":3}},"line":27},"4":{"name":"handleSave","decl":{"start":{"line":32,"column":11},"end":{"line":32,"column":21}},"loc":{"start":{"line":32,"column":32},"end":{"line":35,"column":3}},"line":32}},"branchMap":{"0":{"loc":{"start":{"line":62,"column":7},"end":{"line":62,"column":45}},"type":"cond-expr","locations":[{"start":{"line":62,"column":19},"end":{"line":62,"column":34}},{"start":{"line":62,"column":37},"end":{"line":62,"column":45}}],"line":62}},"s":{"0":55,"1":5,"2":5,"3":2,"4":2,"5":2,"6":55,"7":55,"8":55},"f":{"0":55,"1":5,"2":5,"3":2,"4":2},"b":{"0":[3,52]},"_coverageSchema":"1a1c01bbd47fc00a2c39e90264f33305004495a9","hash":"a3e65a23b04a7998dc6c5a6dbd92e1694d3f30e4"}
,"/home/lrw/rithm/exercises/react-forms-design-productiv/productiv/src/EditableTodoList.js": {"path":"/home/lrw/rithm/exercises/react-forms-design-productiv/productiv/src/EditableTodoList.js","statementMap":{"0":{"start":{"line":15,"column":2},"end":{"line":25,"column":4}},"1":{"start":{"line":18,"column":8},"end":{"line":22,"column":25}}},"fnMap":{"0":{"name":"EditableTodoList","decl":{"start":{"line":14,"column":9},"end":{"line":14,"column":25}},"loc":{"start":{"line":14,"column":53},"end":{"line":26,"column":1}},"line":14},"1":{"name":"(anonymous_1)","decl":{"start":{"line":17,"column":19},"end":{"line":17,"column":20}},"loc":{"start":{"line":18,"column":8},"end":{"line":22,"column":25}},"line":18}},"branchMap":{},"s":{"0":15,"1":45},"f":{"0":15,"1":45},"b":{},"_coverageSchema":"1a1c01bbd47fc00a2c39e90264f33305004495a9","hash":"452a008ff63a314bb937452289b93f4742b6a8b3"}
,"/home/lrw/rithm/exercises/react-forms-design-productiv/productiv/src/Footer.js": {"path":"/home/lrw/rithm/exercises/react-forms-design-productiv/productiv/src/Footer.js","statementMap":{"0":{"start":{"line":6,"column":2},"end":{"line":12,"column":3}}},"fnMap":{"0":{"name":"Footer","decl":{"start":{"line":5,"column":9},"end":{"line":5,"column":15}},"loc":{"start":{"line":5,"column":18},"end":{"line":13,"column":1}},"line":5}},"branchMap":{},"s":{"0":7},"f":{"0":7},"b":{},"_coverageSchema":"1a1c01bbd47fc00a2c39e90264f33305004495a9","hash":"fb19a774925fd673d44e4a1990618b7bf2ea93f2"}
,"/home/lrw/rithm/exercises/react-forms-design-productiv/productiv/src/Header.js": {"path":"/home/lrw/rithm/exercises/react-forms-design-productiv/productiv/src/Header.js","statementMap":{"0":{"start":{"line":10,"column":2},"end":{"line":20,"column":4}}},"fnMap":{"0":{"name":"Header","decl":{"start":{"line":9,"column":9},"end":{"line":9,"column":15}},"loc":{"start":{"line":9,"column":35},"end":{"line":21,"column":1}},"line":9}},"branchMap":{},"s":{"0":4},"f":{"0":4},"b":{},"_coverageSchema":"1a1c01bbd47fc00a2c39e90264f33305004495a9","hash":"9d7bb9810d251b0a4762f1ff4f89c33614e2fd39"}
,"/home/lrw/rithm/exercises/react-forms-design-productiv/productiv/src/Quote.js": {"path":"/home/lrw/rithm/exercises/react-forms-design-productiv/productiv/src/Quote.js","statementMap":{"0":{"start":{"line":8,"column":2},"end":{"line":10,"column":8}}},"fnMap":{"0":{"name":"Quote","decl":{"start":{"line":7,"column":9},"end":{"line":7,"column":14}},"loc":{"start":{"line":7,"column":26},"end":{"line":11,"column":1}},"line":7}},"branchMap":{},"s":{"0":0},"f":{"0":0},"b":{},"_coverageSchema":"1a1c01bbd47fc00a2c39e90264f33305004495a9","hash":"f633fe5c39ef4ded56a930132f81701b03f2d7d2"}
,"/home/lrw/rithm/exercises/react-forms-design-productiv/productiv/src/RandomInspoQuote.js": {"path":"/home/lrw/rithm/exercises/react-forms-design-productiv/productiv/src/RandomInspoQuote.js","statementMap":{"0":{"start":{"line":10,"column":32},"end":{"line":10,"column":47}},"1":{"start":{"line":12,"column":19},"end":{"line":15,"column":3}},"2":{"start":{"line":13,"column":18},"end":{"line":13,"column":39}},"3":{"start":{"line":14,"column":4},"end":{"line":14,"column":20}},"4":{"start":{"line":17,"column":28},"end":{"line":17,"column":46}},"5":{"start":{"line":20,"column":4},"end":{"line":20,"column":21}},"6":{"start":{"line":23,"column":2},"end":{"line":36,"column":4}}},"fnMap":{"0":{"name":"RandomInspoQuote","decl":{"start":{"line":9,"column":9},"end":{"line":9,"column":25}},"loc":{"start":{"line":9,"column":28},"end":{"line":37,"column":1}},"line":9},"1":{"name":"(anonymous_1)","decl":{"start":{"line":12,"column":19},"end":{"line":12,"column":20}},"loc":{"start":{"line":12,"column":31},"end":{"line":15,"column":3}},"line":12},"2":{"name":"handleGetQuote","decl":{"start":{"line":19,"column":11},"end":{"line":19,"column":25}},"loc":{"start":{"line":19,"column":28},"end":{"line":21,"column":3}},"line":19}},"branchMap":{"0":{"loc":{"start":{"line":26,"column":8},"end":{"line":33,"column":90}},"type":"cond-expr","locations":[{"start":{"line":28,"column":10},"end":{"line":31,"column":13}},{"start":{"line":33,"column":10},"end":{"line":33,"column":90}}],"line":26}},"s":{"0":4,"1":4,"2":4,"3":0,"4":4,"5":0,"6":4},"f":{"0":4,"1":4,"2":0},"b":{"0":[0,4]},"_coverageSchema":"1a1c01bbd47fc00a2c39e90264f33305004495a9","hash":"cf1f0097495cac4c64808a22d21b9d41b0c907d5"}
,"/home/lrw/rithm/exercises/react-forms-design-productiv/productiv/src/Todo.js": {"path":"/home/lrw/rithm/exercises/react-forms-design-productiv/productiv/src/Todo.js","statementMap":{"0":{"start":{"line":12,"column":2},"end":{"line":17,"column":4}}},"fnMap":{"0":{"name":"Todo","decl":{"start":{"line":11,"column":9},"end":{"line":11,"column":13}},"loc":{"start":{"line":11,"column":24},"end":{"line":18,"column":1}},"line":11}},"branchMap":{},"s":{"0":71},"f":{"0":71},"b":{},"_coverageSchema":"1a1c01bbd47fc00a2c39e90264f33305004495a9","hash":"6e1cc342a5f4dd9a2938e28ead5badaa101d5eb6"}
,"/home/lrw/rithm/exercises/react-forms-design-productiv/productiv/src/TodoApp.js": {"path":"/home/lrw/rithm/exercises/react-forms-design-productiv/productiv/src/TodoApp.js","statementMap":{"0":{"start":{"line":21,"column":28},"end":{"line":21,"column":50}},"1":{"start":{"line":25,"column":18},"end":{"line":25,"column":74}},"2":{"start":{"line":26,"column":4},"end":{"line":26,"column":43}},"3":{"start":{"line":26,"column":22},"end":{"line":26,"column":41}},"4":{"start":{"line":31,"column":4},"end":{"line":31,"column":90}},"5":{"start":{"line":31,"column":22},"end":{"line":31,"column":88}},"6":{"start":{"line":31,"column":40},"end":{"line":31,"column":87}},"7":{"start":{"line":36,"column":4},"end":{"line":36,"column":60}},"8":{"start":{"line":36,"column":22},"end":{"line":36,"column":58}},"9":{"start":{"line":36,"column":43},"end":{"line":36,"column":57}},"10":{"start":{"line":39,"column":2},"end":{"line":68,"column":4}}},"fnMap":{"0":{"name":"TodoApp","decl":{"start":{"line":19,"column":9},"end":{"line":19,"column":16}},"loc":{"start":{"line":19,"column":35},"end":{"line":69,"column":1}},"line":19},"1":{"name":"create","decl":{"start":{"line":24,"column":11},"end":{"line":24,"column":17}},"loc":{"start":{"line":24,"column":24},"end":{"line":27,"column":3}},"line":24},"2":{"name":"(anonymous_2)","decl":{"start":{"line":26,"column":13},"end":{"line":26,"column":14}},"loc":{"start":{"line":26,"column":22},"end":{"line":26,"column":41}},"line":26},"3":{"name":"update","decl":{"start":{"line":30,"column":11},"end":{"line":30,"column":17}},"loc":{"start":{"line":30,"column":31},"end":{"line":32,"column":3}},"line":30},"4":{"name":"(anonymous_4)","decl":{"start":{"line":31,"column":13},"end":{"line":31,"column":14}},"loc":{"start":{"line":31,"column":22},"end":{"line":31,"column":88}},"line":31},"5":{"name":"(anonymous_5)","decl":{"start":{"line":31,"column":32},"end":{"line":31,"column":33}},"loc":{"start":{"line":31,"column":40},"end":{"line":31,"column":87}},"line":31},"6":{"name":"remove","decl":{"start":{"line":35,"column":11},"end":{"line":35,"column":17}},"loc":{"start":{"line":35,"column":22},"end":{"line":37,"column":3}},"line":35},"7":{"name":"(anonymous_7)","decl":{"start":{"line":36,"column":13},"end":{"line":36,"column":14}},"loc":{"start":{"line":36,"column":22},"end":{"line":36,"column":58}},"line":36},"8":{"name":"(anonymous_8)","decl":{"start":{"line":36,"column":35},"end":{"line":36,"column":36}},"loc":{"start":{"line":36,"column":43},"end":{"line":36,"column":57}},"line":36}},"branchMap":{"0":{"loc":{"start":{"line":31,"column":40},"end":{"line":31,"column":87}},"type":"cond-expr","locations":[{"start":{"line":31,"column":69},"end":{"line":31,"column":80}},{"start":{"line":31,"column":83},"end":{"line":31,"column":87}}],"line":31},"1":{"loc":{"start":{"line":44,"column":11},"end":{"line":50,"column":68}},"type":"cond-expr","locations":[{"start":{"line":45,"column":14},"end":{"line":49,"column":14}},{"start":{"line":50,"column":14},"end":{"line":50,"column":68}}],"line":44},"2":{"loc":{"start":{"line":54,"column":11},"end":{"line":58,"column":22}},"type":"binary-expr","locations":[{"start":{"line":54,"column":11},"end":{"line":54,"column":27}},{"start":{"line":55,"column":12},"end":{"line":58,"column":22}}],"line":54}},"s":{"0":14,"1":1,"2":1,"3":1,"4":1,"5":1,"6":3,"7":1,"8":1,"9":3,"10":14},"f":{"0":14,"1":1,"2":1,"3":1,"4":1,"5":3,"6":1,"7":1,"8":3},"b":{"0":[1,2],"1":[13,1],"2":[14,13]},"_coverageSchema":"1a1c01bbd47fc00a2c39e90264f33305004495a9","hash":"6722f075141c353dc7ea9c15411b3cb291423081"}
,"/home/lrw/rithm/exercises/react-forms-design-productiv/productiv/src/TodoForm.js": {"path":"/home/lrw/rithm/exercises/react-forms-design-productiv/productiv/src/TodoForm.js","statementMap":{"0":{"start":{"line":3,"column":19},"end":{"line":7,"column":1}},"1":{"start":{"line":21,"column":34},"end":{"line":21,"column":59}},"2":{"start":{"line":26,"column":28},"end":{"line":26,"column":38}},"3":{"start":{"line":27,"column":4},"end":{"line":30,"column":8}},"4":{"start":{"line":27,"column":26},"end":{"line":30,"column":5}},"5":{"start":{"line":35,"column":4},"end":{"line":35,"column":25}},"6":{"start":{"line":36,"column":4},"end":{"line":36,"column":25}},"7":{"start":{"line":37,"column":4},"end":{"line":37,"column":33}},"8":{"start":{"line":40,"column":2},"end":{"line":89,"column":4}}},"fnMap":{"0":{"name":"TodoForm","decl":{"start":{"line":19,"column":9},"end":{"line":19,"column":17}},"loc":{"start":{"line":19,"column":64},"end":{"line":90,"column":1}},"line":19},"1":{"name":"handleChange","decl":{"start":{"line":25,"column":11},"end":{"line":25,"column":23}},"loc":{"start":{"line":25,"column":29},"end":{"line":31,"column":3}},"line":25},"2":{"name":"(anonymous_2)","decl":{"start":{"line":27,"column":16},"end":{"line":27,"column":17}},"loc":{"start":{"line":27,"column":26},"end":{"line":30,"column":5}},"line":27},"3":{"name":"handleSubmit","decl":{"start":{"line":34,"column":11},"end":{"line":34,"column":23}},"loc":{"start":{"line":34,"column":29},"end":{"line":38,"column":3}},"line":34}},"branchMap":{"0":{"loc":{"start":{"line":19,"column":20},"end":{"line":19,"column":48}},"type":"default-arg","locations":[{"start":{"line":19,"column":38},"end":{"line":19,"column":48}}],"line":19}},"s":{"0":5,"1":25,"2":5,"3":5,"4":5,"5":3,"6":3,"7":3,"8":25},"f":{"0":25,"1":5,"2":5,"3":3},"b":{"0":[21]},"_coverageSchema":"1a1c01bbd47fc00a2c39e90264f33305004495a9","hash":"b404dc009aa0302c417fd5cf51dd2d7e47a6d8b8"}
,"/home/lrw/rithm/exercises/react-forms-design-productiv/productiv/src/TopTodo.js": {"path":"/home/lrw/rithm/exercises/react-forms-design-productiv/productiv/src/TopTodo.js","statementMap":{"0":{"start":{"line":15,"column":2},"end":{"line":15,"column":38}},"1":{"start":{"line":15,"column":26},"end":{"line":15,"column":38}},"2":{"start":{"line":17,"column":12},"end":{"line":18,"column":68}},"3":{"start":{"line":18,"column":18},"end":{"line":18,"column":57}},"4":{"start":{"line":20,"column":2},"end":{"line":20,"column":29}}},"fnMap":{"0":{"name":"TopTodo","decl":{"start":{"line":13,"column":9},"end":{"line":13,"column":16}},"loc":{"start":{"line":13,"column":28},"end":{"line":21,"column":1}},"line":13},"1":{"name":"(anonymous_1)","decl":{"start":{"line":18,"column":4},"end":{"line":18,"column":5}},"loc":{"start":{"line":18,"column":18},"end":{"line":18,"column":57}},"line":18}},"branchMap":{"0":{"loc":{"start":{"line":15,"column":2},"end":{"line":15,"column":38}},"type":"if","locations":[{"start":{"line":15,"column":2},"end":{"line":15,"column":38}},{"start":{},"end":{}}],"line":15},"1":{"loc":{"start":{"line":18,"column":18},"end":{"line":18,"column":57}},"type":"cond-expr","locations":[{"start":{"line":18,"column":48},"end":{"line":18,"column":51}},{"start":{"line":18,"column":54},"end":{"line":18,"column":57}}],"line":18}},"s":{"0":17,"1":1,"2":16,"3":48,"4":16},"f":{"0":17,"1":48},"b":{"0":[1,16],"1":[4,44]},"_coverageSchema":"1a1c01bbd47fc00a2c39e90264f33305004495a9","hash":"84203252a0eccc97356cf2aa54314d253bfee3a0"}
,"/home/lrw/rithm/exercises/react-forms-design-productiv/productiv/src/_commonTest.js": {"path":"/home/lrw/rithm/exercises/react-forms-design-productiv/productiv/src/_commonTest.js","statementMap":{"0":{"start":{"line":1,"column":18},"end":{"line":5,"column":15}},"1":{"start":{"line":7,"column":19},"end":{"line":25,"column":4}}},"fnMap":{},"branchMap":{},"s":{"0":6,"1":6},"f":{},"b":{},"_coverageSchema":"1a1c01bbd47fc00a2c39e90264f33305004495a9","hash":"f8754c00b26a0fd524f3d887bbd327bf7fcc1652"}
,"/home/lrw/rithm/exercises/react-forms-design-productiv/productiv/src/index.js": {"path":"/home/lrw/rithm/exercises/react-forms-design-productiv/productiv/src/index.js","statementMap":{"0":{"start":{"line":7,"column":13},"end":{"line":7,"column":65}},"1":{"start":{"line":8,"column":0},"end":{"line":10,"column":2}},"2":{"start":{"line":15,"column":0},"end":{"line":15,"column":18}}},"fnMap":{},"branchMap":{},"s":{"0":0,"1":0,"2":0},"f":{},"b":{}}
,"/home/lrw/rithm/exercises/react-forms-design-productiv/productiv/src/inspoQuoteApi.js": {"path":"/home/lrw/rithm/exercises/react-forms-design-productiv/productiv/src/inspoQuoteApi.js","statementMap":{"0":{"start":{"line":1,"column":17},"end":{"line":1,"column":64}},"1":{"start":{"line":10,"column":17},"end":{"line":10,"column":50}},"2":{"start":{"line":11,"column":15},"end":{"line":11,"column":34}},"3":{"start":{"line":12,"column":2},"end":{"line":12,"column":20}}},"fnMap":{"0":{"name":"getInspoQuote","decl":{"start":{"line":9,"column":15},"end":{"line":9,"column":28}},"loc":{"start":{"line":9,"column":31},"end":{"line":13,"column":1}},"line":9}},"branchMap":{},"s":{"0":1,"1":4,"2":0,"3":0},"f":{"0":4},"b":{},"_coverageSchema":"1a1c01bbd47fc00a2c39e90264f33305004495a9","hash":"aadd5ff1b0308fcca2aae475d6fa4d660a7e60d0"}
,"/home/lrw/rithm/exercises/react-forms-design-productiv/productiv/src/reportWebVitals.js": {"path":"/home/lrw/rithm/exercises/react-forms-design-productiv/productiv/src/reportWebVitals.js","statementMap":{"0":{"start":{"line":1,"column":24},"end":{"line":11,"column":1}},"1":{"start":{"line":2,"column":2},"end":{"line":10,"column":3}},"2":{"start":{"line":3,"column":4},"end":{"line":9,"column":7}},"3":{"start":{"line":4,"column":6},"end":{"line":4,"column":26}},"4":{"start":{"line":5,"column":6},"end":{"line":5,"column":26}},"5":{"start":{"line":6,"column":6},"end":{"line":6,"column":26}},"6":{"start":{"line":7,"column":6},"end":{"line":7,"column":26}},"7":{"start":{"line":8,"column":6},"end":{"line":8,"column":27}}},"fnMap":{"0":{"name":"(anonymous_0)","decl":{"start":{"line":1,"column":24},"end":{"line":1,"column":25}},"loc":{"start":{"line":1,"column":39},"end":{"line":11,"column":1}},"line":1},"1":{"name":"(anonymous_1)","decl":{"start":{"line":3,"column":30},"end":{"line":3,"column":31}},"loc":{"start":{"line":3,"column":79},"end":{"line":9,"column":5}},"line":3}},"branchMap":{"0":{"loc":{"start":{"line":2,"column":2},"end":{"line":10,"column":3}},"type":"if","locations":[{"start":{"line":2,"column":2},"end":{"line":10,"column":3}},{"start":{},"end":{}}],"line":2},"1":{"loc":{"start":{"line":2,"column":6},"end":{"line":2,"column":52}},"type":"binary-expr","locations":[{"start":{"line":2,"column":6},"end":{"line":2,"column":17}},{"start":{"line":2,"column":21},"end":{"line":2,"column":52}}],"line":2}},"s":{"0":0,"1":0,"2":0,"3":0,"4":0,"5":0,"6":0,"7":0},"f":{"0":0,"1":0},"b":{"0":[0,0],"1":[0,0]}}
}
