TN:
SF:src/RandomInspoQuote.js
FN:13,RandomInspoQuote
FN:18,newQuote
FN:25,handleGetQuote
FNF:3
FNH:2
FNDA:11,RandomInspoQuote
FNDA:0,newQuote
FNDA:1,handleGetQuote
DA:14,11
DA:15,10
DA:19,0
DA:20,0
DA:26,1
DA:29,10
LF:6
LH:4
BRDA:32,0,0,2
BRDA:32,0,1,8
BRF:2
BRH:2
end_of_record
TN:
SF:src/TopTodo.js
FN:13,TopTodo
FN:18,(anonymous_1)
FNF:2
FNH:2
FNDA:17,TopTodo
FNDA:48,(anonymous_1)
DA:15,17
DA:17,16
DA:18,48
DA:20,16
LF:4
LH:4
BRDA:15,0,0,1
BRDA:15,0,1,16
BRDA:18,1,0,4
BRDA:18,1,1,44
BRF:4
BRH:4
end_of_record
TN:
SF:src/_commonTest.js
FNF:0
FNH:0
DA:1,6
DA:7,6
LF:2
LH:2
BRF:0
BRH:0
end_of_record
