TN:
SF:src/App.js
FN:13,App
FNF:1
FNH:1
FNDA:4,App
DA:14,4
LF:1
LH:1
BRF:0
BRH:0
end_of_record
TN:
SF:src/EditableTodo.js
FN:18,EditableTodo
FN:22,toggleEdit
FN:23,(anonymous_2)
FN:27,handleDelete
FN:32,handleSave
FNF:5
FNH:5
FNDA:55,EditableTodo
FNDA:5,toggleEdit
FNDA:5,(anonymous_2)
FNDA:2,handleDelete
FNDA:2,handleSave
DA:19,55
DA:23,5
DA:28,2
DA:33,2
DA:34,2
DA:38,55
DA:58,55
DA:60,55
LF:8
LH:8
BRDA:62,0,0,3
BRDA:62,0,1,52
BRF:2
BRH:2
end_of_record
TN:
SF:src/EditableTodoList.js
FN:14,EditableTodoList
FN:17,(anonymous_1)
FNF:2
FNH:2
FNDA:15,EditableTodoList
FNDA:45,(anonymous_1)
DA:15,15
DA:18,45
LF:2
LH:2
BRF:0
BRH:0
end_of_record
TN:
SF:src/Footer.js
FN:5,Footer
FNF:1
FNH:1
FNDA:7,Footer
DA:6,7
LF:1
LH:1
BRF:0
BRH:0
end_of_record
TN:
SF:src/Header.js
FN:9,Header
FNF:1
FNH:1
FNDA:4,Header
DA:10,4
LF:1
LH:1
BRF:0
BRH:0
end_of_record
TN:
SF:src/Quote.js
FN:7,Quote
FNF:1
FNH:0
FNDA:0,Quote
DA:8,0
LF:1
LH:0
BRF:0
BRH:0
end_of_record
TN:
SF:src/RandomInspoQuote.js
FN:9,RandomInspoQuote
FN:12,(anonymous_1)
FN:19,handleGetQuote
FNF:3
FNH:2
FNDA:4,RandomInspoQuote
FNDA:4,(anonymous_1)
FNDA:0,handleGetQuote
DA:10,4
DA:12,4
DA:13,4
DA:14,0
DA:17,4
DA:20,0
DA:23,4
LF:7
LH:5
BRDA:26,0,0,0
BRDA:26,0,1,4
BRF:2
BRH:1
end_of_record
TN:
SF:src/Todo.js
FN:11,Todo
FNF:1
FNH:1
FNDA:71,Todo
DA:12,71
LF:1
LH:1
BRF:0
BRH:0
end_of_record
TN:
SF:src/TodoApp.js
FN:19,TodoApp
FN:24,create
FN:26,(anonymous_2)
FN:30,update
FN:31,(anonymous_4)
FN:31,(anonymous_5)
FN:35,remove
FN:36,(anonymous_7)
FN:36,(anonymous_8)
FNF:9
FNH:9
FNDA:14,TodoApp
FNDA:1,create
FNDA:1,(anonymous_2)
FNDA:1,update
FNDA:1,(anonymous_4)
FNDA:3,(anonymous_5)
FNDA:1,remove
FNDA:1,(anonymous_7)
FNDA:3,(anonymous_8)
DA:21,14
DA:25,1
DA:26,1
DA:31,3
DA:36,3
DA:39,14
LF:6
LH:6
BRDA:31,0,0,1
BRDA:31,0,1,2
BRDA:44,1,0,13
BRDA:44,1,1,1
BRDA:54,2,0,14
BRDA:54,2,1,13
BRF:6
BRH:6
end_of_record
TN:
SF:src/TodoForm.js
FN:19,TodoForm
FN:25,handleChange
FN:27,(anonymous_2)
FN:34,handleSubmit
FNF:4
FNH:4
FNDA:25,TodoForm
FNDA:5,handleChange
FNDA:5,(anonymous_2)
FNDA:3,handleSubmit
DA:3,5
DA:21,25
DA:26,5
DA:27,5
DA:35,3
DA:36,3
DA:37,3
DA:40,25
LF:8
LH:8
BRDA:19,0,0,21
BRF:1
BRH:1
end_of_record
TN:
SF:src/TopTodo.js
FN:13,TopTodo
FN:18,(anonymous_1)
FNF:2
FNH:2
FNDA:17,TopTodo
FNDA:48,(anonymous_1)
DA:15,17
DA:17,16
DA:18,48
DA:20,16
LF:4
LH:4
BRDA:15,0,0,1
BRDA:15,0,1,16
BRDA:18,1,0,4
BRDA:18,1,1,44
BRF:4
BRH:4
end_of_record
TN:
SF:src/_commonTest.js
FNF:0
FNH:0
DA:1,6
DA:7,6
LF:2
LH:2
BRF:0
BRH:0
end_of_record
TN:
SF:src/index.js
FNF:0
FNH:0
DA:7,0
DA:8,0
DA:15,0
LF:3
LH:0
BRF:0
BRH:0
end_of_record
TN:
SF:src/inspoQuoteApi.js
FN:9,getInspoQuote
FNF:1
FNH:1
FNDA:4,getInspoQuote
DA:1,1
DA:10,4
DA:11,0
DA:12,0
LF:4
LH:2
BRF:0
BRH:0
end_of_record
TN:
SF:src/reportWebVitals.js
FN:1,(anonymous_0)
FN:3,(anonymous_1)
FNF:2
FNH:0
FNDA:0,(anonymous_0)
FNDA:0,(anonymous_1)
DA:1,0
DA:2,0
DA:3,0
DA:4,0
DA:5,0
DA:6,0
DA:7,0
DA:8,0
LF:8
LH:0
BRDA:2,0,0,0
BRDA:2,0,1,0
BRDA:2,1,0,0
BRDA:2,1,1,0
BRF:4
BRH:0
end_of_record
